<?xml version="1.0" encoding="UTF-8"?>
<!-- Generated by org.testng.reporters.JUnitReportReporter -->
<testsuite hostname="DESKTOP-2L70A79" failures="0" tests="1" name="groupexecution.TestClass1" time="0.004" errors="0" timestamp="2024-07-03T13:28:56 IST" skipped="0">
  <testcase classname="groupexecution.TestClass1" name="demo1" time="0.004"/>
  <system-out/>
</testsuite> <!-- groupexecution.TestClass1 -->
