<?xml version="1.0" encoding="UTF-8"?>
<!-- Generated by org.testng.reporters.JUnitReportReporter -->
<testsuite hostname="DESKTOP-2L70A79" failures="0" tests="3" name="testng.DataProvidersPractice" time="0.008" errors="0" timestamp="2024-07-05T13:17:15 IST" skipped="0">
  <testcase classname="testng.DataProvidersPractice" name="bookTicket" time="0.003"/>
  <system-out/>
  <testcase classname="testng.DataProvidersPractice" name="bookTicket" time="0.001"/>
  <system-out/>
  <testcase classname="testng.DataProvidersPractice" name="bookTicket" time="0.004"/>
  <system-out/>
</testsuite> <!-- testng.DataProvidersPractice -->
