<?xml version="1.0" encoding="UTF-8"?>
<!-- Generated by org.testng.reporters.JUnitReportReporter -->
<testsuite hostname="DESKTOP-2L70A79" failures="0" tests="1" name="parallelExecution.TestClass2" time="0.006" errors="0" timestamp="2024-07-04T12:45:28 IST" skipped="0">
  <testcase classname="parallelExecution.TestClass2" name="demo" time="0.006"/>
  <system-out/>
</testsuite> <!-- parallelExecution.TestClass2 -->
