<?xml version="1.0" encoding="UTF-8"?>
<!-- Generated by org.testng.reporters.JUnitReportReporter -->
<testsuite hostname="DESKTOP-2L70A79" failures="0" tests="1" name="check.LaunchBrowsersTest" time="10.707" errors="0" timestamp="2024-06-22T13:32:56 IST" skipped="0">
  <testcase classname="check.LaunchBrowsersTest" name="lauchBrowser" time="10.707"/>
  <system-out/>
</testsuite> <!-- check.LaunchBrowsersTest -->
