<?xml version="1.0" encoding="UTF-8"?>
<!-- Generated by org.testng.reporters.JUnitReportReporter -->
<testsuite hostname="DESKTOP-2L70A79" failures="0" tests="3" name="crossBrowserParallel.FlipkartSearchTest" time="10.154" errors="0" timestamp="2024-07-04T14:02:51 IST" skipped="0">
  <testcase classname="crossBrowserParallel.FlipkartSearchTest" name="searchTest" time="3.270"/>
  <system-out/>
  <testcase classname="crossBrowserParallel.FlipkartSearchTest" name="searchTest" time="3.163"/>
  <system-out/>
  <testcase classname="crossBrowserParallel.FlipkartSearchTest" name="searchTest" time="3.721"/>
  <system-out/>
</testsuite> <!-- crossBrowserParallel.FlipkartSearchTest -->
