<?xml version="1.0" encoding="UTF-8"?>
<!-- Generated by org.testng.reporters.JUnitReportReporter -->
<testsuite hostname="LAPTOP-H7R7DK85" failures="0" tests="1" name="parallelExecution.TestClass5" time="0.011" errors="0" timestamp="2024-07-08T13:33:50 IST" skipped="0">
  <testcase classname="parallelExecution.TestClass5" name="demo" time="0.011"/>
  <system-out/>
</testsuite> <!-- parallelExecution.TestClass5 -->
