<?xml version="1.0" encoding="UTF-8"?>
<!-- Generated by org.testng.reporters.JUnitReportReporter -->
<testsuite hostname="DESKTOP-2L70A79" failures="0" tests="1" name="annotations.FlipkartTest" time="5.157" errors="0" timestamp="2024-07-02T13:25:54 IST" skipped="0">
  <testcase classname="annotations.FlipkartTest" name="addToCartTest" time="5.157"/>
  <system-out/>
</testsuite> <!-- annotations.FlipkartTest -->
