<?xml version="1.0" encoding="UTF-8"?>
<!-- Generated by org.testng.reporters.JUnitReportReporter -->
<testsuite hostname="DESKTOP-2L70A79" failures="0" tests="3" name="crossBrowserParallel.AmazonSearchTest" time="13.272" errors="0" timestamp="2024-07-04T14:02:51 IST" skipped="0">
  <testcase classname="crossBrowserParallel.AmazonSearchTest" name="searchTest" time="4.012"/>
  <system-out/>
  <testcase classname="crossBrowserParallel.AmazonSearchTest" name="searchTest" time="3.302"/>
  <system-out/>
  <testcase classname="crossBrowserParallel.AmazonSearchTest" name="searchTest" time="5.958"/>
  <system-out/>
</testsuite> <!-- crossBrowserParallel.AmazonSearchTest -->
