<?xml version="1.0" encoding="UTF-8"?>
<!-- Generated by org.testng.reporters.JUnitReportReporter -->
<testsuite hostname="DESKTOP-2L70A79" failures="0" tests="2" name="testng.DependsOnMethodsTest" time="11.639" errors="0" timestamp="2024-07-05T12:48:45 IST" skipped="0">
  <testcase classname="testng.DependsOnMethodsTest" name="loginToApp" time="5.568"/>
  <system-out/>
  <testcase classname="testng.DependsOnMethodsTest" name="navigateToApp" time="6.071"/>
  <system-out/>
</testsuite> <!-- testng.DependsOnMethodsTest -->
