<?xml version="1.0" encoding="UTF-8"?>
<!-- Generated by org.testng.reporters.JUnitReportReporter -->
<testsuite hostname="DESKTOP-2L70A79" failures="0" tests="3" name="testng.InvocationCountTest" time="0.004" errors="0" timestamp="2024-07-05T12:48:45 IST" skipped="0">
  <testcase classname="testng.InvocationCountTest" name="demo1" time="0.002"/>
  <system-out>
    <![CDATA[demo1]]>
  </system-out>
  <testcase classname="testng.InvocationCountTest" name="demo1" time="0.001"/>
  <system-out>
    <![CDATA[demo1]]>
  </system-out>
  <testcase classname="testng.InvocationCountTest" name="demo2" time="0.001"/>
  <system-out>
    <![CDATA[demo2]]>
  </system-out>
</testsuite> <!-- testng.InvocationCountTest -->
