<?xml version="1.0" encoding="UTF-8"?>
<!-- Generated by org.testng.reporters.JUnitReportReporter -->
<testsuite hostname="DESKTOP-2L70A79" failures="0" tests="1" name="assertions.WhyNotIfElse" time="0.006" errors="0" timestamp="2024-07-05T13:32:46 IST" skipped="0">
  <testcase classname="assertions.WhyNotIfElse" name="test1" time="0.006"/>
  <system-out/>
</testsuite> <!-- assertions.WhyNotIfElse -->
