<?xml version="1.0" encoding="UTF-8"?>
<!-- Generated by org.testng.reporters.JUnitReportReporter -->
<testsuite hostname="DESKTOP-2L70A79" failures="0" tests="1" name="framework.LoginTestClass" time="1.615" errors="0" timestamp="2024-07-13T13:58:49 IST" skipped="0">
  <testcase classname="framework.LoginTestClass" name="loginTest" time="1.615"/>
  <system-out/>
</testsuite> <!-- framework.LoginTestClass -->
