<?xml version="1.0" encoding="UTF-8"?>
<!-- Generated by org.testng.reporters.JUnitReportReporter -->
<testsuite hostname="DESKTOP-2L70A79" failures="0" tests="1" name="parallelExecution.TestClass6" time="0.005" errors="0" timestamp="2024-07-04T12:45:28 IST" skipped="0">
  <testcase classname="parallelExecution.TestClass6" name="demo" time="0.005"/>
  <system-out/>
</testsuite> <!-- parallelExecution.TestClass6 -->
