<?xml version="1.0" encoding="UTF-8"?>
<!-- Generated by org.testng.reporters.JUnitReportReporter -->
<testsuite hostname="DESKTOP-2L70A79" failures="0" tests="1" name="pom.LoginTest" time="3.305" errors="0" timestamp="2024-07-12T13:45:24 IST" skipped="0">
  <testcase classname="pom.LoginTest" name="loginScript" time="3.305"/>
  <system-out/>
</testsuite> <!-- pom.LoginTest -->
