<?xml version="1.0" encoding="UTF-8"?>
<!-- Generated by org.testng.reporters.JUnitReportReporter -->
<testsuite hostname="DESKTOP-2L70A79" failures="0" tests="1" name="annotations.TestClass" time="0.003" errors="0" timestamp="2024-07-02T12:46:31 IST" skipped="0">
  <testcase classname="annotations.TestClass" name="tc" time="0.003"/>
  <system-out/>
</testsuite> <!-- annotations.TestClass -->
